<?xml version="1.0" encoding="UTF-8"?>
<!-- Generated by org.testng.reporters.JUnitReportReporter -->
<testsuite skipped="0" hostname="KiranMac.local" name="com.highlight.element.HighlightElementTest" tests="1" failures="0" timestamp="05 Aug 2019 20:05:19 GMT" time="10.060" errors="0">
  <testcase name="highlightHere" time="10.060" classname="com.highlight.element.HighlightElementTest"/>
</testsuite> <!-- com.highlight.element.HighlightElementTest -->
