<?xml version="1.0" encoding="UTF-8"?>
<!-- Generated by org.testng.reporters.JUnitReportReporter -->
<testsuite skipped="0" hostname="KiranMac.local" name="com.qa.tests.GotoNextPageInSchoolPortal" tests="1" failures="0" timestamp="06 Aug 2019 16:19:33 GMT" time="935.168" errors="0">
  <testcase name="actualTestHere" time="935.168" classname="com.qa.tests.GotoNextPageInSchoolPortal"/>
</testsuite> <!-- com.qa.tests.GotoNextPageInSchoolPortal -->
