<?xml version="1.0" encoding="UTF-8"?>
<!-- Generated by org.testng.reporters.JUnitReportReporter -->
<testsuite skipped="0" hostname="KiranMac.local" name="com.qa.tests.QuickSampleMakeSomeFunHere" tests="1" failures="0" timestamp="05 Aug 2019 14:25:58 GMT" time="2.269" errors="0">
  <testcase name="actualTestHere" time="2.269" classname="com.qa.tests.QuickSampleMakeSomeFunHere"/>
</testsuite> <!-- com.qa.tests.QuickSampleMakeSomeFunHere -->
