<?xml version="1.0" encoding="UTF-8"?>
<!-- Generated by org.testng.reporters.JUnitReportReporter -->
<testsuite skipped="0" hostname="DESKTOP-ECP4HOJ" name="com.highlight.element.HighlightElementTest" tests="1" failures="0" timestamp="10 Oct 2019 03:53:12 GMT" time="14.593" errors="0">
  <testcase name="highlightHere" time="14.593" classname="com.highlight.element.HighlightElementTest"/>
</testsuite> <!-- com.highlight.element.HighlightElementTest -->
