<?xml version="1.0" encoding="UTF-8"?>
<!-- Generated by org.testng.reporters.JUnitReportReporter -->
<testsuite skipped="0" hostname="KiranMac.local" name="com.qa.tests.VeryQuickOnly" tests="1" failures="0" timestamp="06 Aug 2019 16:26:22 GMT" time="0.022" errors="0">
  <testcase name="testMethod" time="0.022" classname="com.qa.tests.VeryQuickOnly"/>
</testsuite> <!-- com.qa.tests.VeryQuickOnly -->
