<?xml version="1.0" encoding="UTF-8"?>
<!-- Generated by org.testng.reporters.JUnitReportReporter -->
<testsuite skipped="0" hostname="KiranMac.local" name="com.action.examples.ContextClickEx" tests="1" failures="0" timestamp="06 Aug 2019 21:00:30 GMT" time="4.328" errors="0">
  <testcase name="f" time="4.328" classname="com.action.examples.ContextClickEx"/>
</testsuite> <!-- com.action.examples.ContextClickEx -->
