<?xml version="1.0" encoding="UTF-8"?>
<!-- Generated by org.testng.reporters.JUnitReportReporter -->
<testsuite skipped="0" hostname="DESKTOP-ECP4HOJ" name="com.qa.tests.GotoNextPageInSchoolPortal" tests="1" failures="0" timestamp="12 Oct 2019 15:11:00 GMT" time="47.912" errors="0">
  <testcase name="actualTestHere" time="47.912" classname="com.qa.tests.GotoNextPageInSchoolPortal"/>
</testsuite> <!-- com.qa.tests.GotoNextPageInSchoolPortal -->
