<?xml version="1.0" encoding="UTF-8"?>
<!-- Generated by org.testng.reporters.JUnitReportReporter -->
<testsuite skipped="0" hostname="KiranMac.local" name="com.qa.tests.ScrollByFunction" tests="1" failures="0" timestamp="05 Aug 2019 16:27:21 GMT" time="43.507" errors="0">
  <testcase name="f" time="43.507" classname="com.qa.tests.ScrollByFunction"/>
</testsuite> <!-- com.qa.tests.ScrollByFunction -->
