<?xml version="1.0" encoding="UTF-8"?>
<!-- Generated by org.testng.reporters.JUnitReportReporter -->
<testsuite skipped="0" hostname="KiranMac.local" name="com.qa.tests.SampleTest" tests="1" failures="0" timestamp="30 Jul 2019 18:03:50 GMT" time="0.006" errors="0">
  <testcase name="firstTest" time="0.006" classname="com.qa.tests.SampleTest"/>
</testsuite> <!-- com.qa.tests.SampleTest -->
