<?xml version="1.0" encoding="UTF-8"?>
<!-- Generated by org.testng.reporters.JUnitReportReporter -->
<testsuite skipped="0" hostname="KiranMac.local" name="com.qa.tests.ScrollByFunction" tests="1" failures="0" timestamp="06 Aug 2019 16:54:17 GMT" time="99.748" errors="0">
  <testcase name="f" time="99.748" classname="com.qa.tests.ScrollByFunction"/>
</testsuite> <!-- com.qa.tests.ScrollByFunction -->
