<?xml version="1.0" encoding="UTF-8"?>
<!-- Generated by org.testng.reporters.JUnitReportReporter -->
<testsuite skipped="0" hostname="KiranMac.local" name="com.qa.tests.QuickSampleTest" tests="1" failures="0" timestamp="05 Aug 2019 16:13:07 GMT" time="3.327" errors="0">
  <testcase name="actualTestHere" time="3.327" classname="com.qa.tests.QuickSampleTest"/>
</testsuite> <!-- com.qa.tests.QuickSampleTest -->
