<?xml version="1.0" encoding="UTF-8"?>
<!-- Generated by org.testng.reporters.JUnitReportReporter -->
<testsuite skipped="0" hostname="KiranMac.local" name="com.qa.utilTests.ReadProperties" tests="1" failures="0" timestamp="30 Jul 2019 20:00:40 GMT" time="0.009" errors="0">
  <testcase name="printProperties" time="0.009" classname="com.qa.utilTests.ReadProperties"/>
</testsuite> <!-- com.qa.utilTests.ReadProperties -->
