<?xml version="1.0" encoding="UTF-8"?>
<!-- Generated by org.testng.reporters.JUnitReportReporter -->
<testsuite skipped="0" hostname="KiranMac.local" name="com.qa.tests.SampleTest" tests="1" failures="0" timestamp="30 Jul 2019 18:44:45 GMT" time="5.833" errors="0">
  <testcase name="firstTest" time="5.833" classname="com.qa.tests.SampleTest"/>
</testsuite> <!-- com.qa.tests.SampleTest -->
