<?xml version="1.0" encoding="UTF-8"?>
<!-- Generated by org.testng.reporters.JUnitReportReporter -->
<testsuite skipped="0" hostname="KiranMac.local" name="com.qa.tests.SampleTest" tests="2" failures="0" timestamp="30 Jul 2019 18:55:28 GMT" time="19.959" errors="0">
  <testcase name="secondTest" time="4.784" classname="com.qa.tests.SampleTest"/>
  <testcase name="firstTest" time="15.175" classname="com.qa.tests.SampleTest"/>
</testsuite> <!-- com.qa.tests.SampleTest -->
