<?xml version="1.0" encoding="UTF-8"?>
<!-- Generated by org.testng.reporters.JUnitReportReporter -->
<testsuite skipped="0" hostname="KiranMac.local" name="com.qa.utilTests.ReadProperties" tests="2" failures="0" timestamp="05 Aug 2019 18:51:31 GMT" time="0.007" errors="0">
  <testcase name="printProperties" time="0.002" classname="com.qa.utilTests.ReadProperties"/>
  <testcase name="printProperties" time="0.005" classname="com.qa.utilTests.ReadProperties"/>
</testsuite> <!-- com.qa.utilTests.ReadProperties -->
