<?xml version="1.0" encoding="UTF-8"?>
<!-- Generated by org.testng.reporters.JUnitReportReporter -->
<testsuite skipped="0" hostname="KiranMac.local" name="com.qa.tests.GotoNextPageInSchoolPortal" tests="1" failures="0" timestamp="05 Aug 2019 21:47:52 GMT" time="309.464" errors="0">
  <testcase name="actualTestHere" time="309.464" classname="com.qa.tests.GotoNextPageInSchoolPortal"/>
</testsuite> <!-- com.qa.tests.GotoNextPageInSchoolPortal -->
