<?xml version="1.0" encoding="UTF-8"?>
<!-- Generated by org.testng.reporters.JUnitReportReporter -->
<testsuite skipped="0" hostname="KiranMac.local" name="com.daily.webpages.TechPages" tests="1" failures="0" timestamp="07 Aug 2019 21:42:46 GMT" time="393.161" errors="0">
  <testcase name="actualTestHere" time="393.161" classname="com.daily.webpages.TechPages"/>
</testsuite> <!-- com.daily.webpages.TechPages -->
